#! /c/Source/iverilog-install/bin/vvp
:ivl_version "12.0 (devel)" "(s20150603-1539-g2693dd32b)";
:ivl_delay_selection "TYPICAL";
:vpi_time_precision + 0;
:vpi_module "E:\tool_IC_design\iverilog\lib\ivl\system.vpi";
:vpi_module "E:\tool_IC_design\iverilog\lib\ivl\vhdl_sys.vpi";
:vpi_module "E:\tool_IC_design\iverilog\lib\ivl\vhdl_textio.vpi";
:vpi_module "E:\tool_IC_design\iverilog\lib\ivl\v2005_math.vpi";
:vpi_module "E:\tool_IC_design\iverilog\lib\ivl\va_math.vpi";
S_000001bdeca861b0 .scope module, "ram" "ram" 2 1;
 .timescale 0 0;
    .port_info 0 /INPUT 1 "clk";
    .port_info 1 /INPUT 1 "wr";
    .port_info 2 /INPUT 8 "din";
    .port_info 3 /INPUT 4 "addr";
    .port_info 4 /OUTPUT 8 "dout";
o000001bdecbe6fb8 .functor BUFZ 4, C4<zzzz>; HiZ drive
v000001bdeca866e0_0 .net "addr", 3 0, o000001bdecbe6fb8;  0 drivers
o000001bdecbe6fe8 .functor BUFZ 1, C4<z>; HiZ drive
v000001bdeca86340_0 .net "clk", 0 0, o000001bdecbe6fe8;  0 drivers
o000001bdecbe7018 .functor BUFZ 8, C4<zzzzzzzz>; HiZ drive
v000001bdeca863e0_0 .net "din", 7 0, o000001bdecbe7018;  0 drivers
v000001bdeca86480_0 .var "dout", 7 0;
v000001bdeca8e600 .array "mem", 0 15, 7 0;
o000001bdecbe7078 .functor BUFZ 1, C4<z>; HiZ drive
v000001bdeca8e6a0_0 .net "wr", 0 0, o000001bdecbe7078;  0 drivers
E_000001bdeca883e0 .event posedge, v000001bdeca86340_0;
    .scope S_000001bdeca861b0;
T_0 ;
    %wait E_000001bdeca883e0;
    %load/vec4 v000001bdeca8e6a0_0;
    %flag_set/vec4 8;
    %jmp/0xz  T_0.0, 8;
    %load/vec4 v000001bdeca863e0_0;
    %load/vec4 v000001bdeca866e0_0;
    %pad/u 6;
    %ix/vec4 3;
    %ix/load 4, 0, 0; Constant delay
    %assign/vec4/a/d v000001bdeca8e600, 0, 4;
    %jmp T_0.1;
T_0.0 ;
    %load/vec4 v000001bdeca866e0_0;
    %pad/u 6;
    %ix/vec4 4;
    %load/vec4a v000001bdeca8e600, 4;
    %assign/vec4 v000001bdeca86480_0, 0;
T_0.1 ;
    %jmp T_0;
    .thread T_0;
# The file index is used to find the file name in the following table.
:file_names 3;
    "N/A";
    "<interactive>";
    "e:\book_chip\course_ud\Practice_UVM_code\5_UVM_RAM_8bit\Verify_RAM_TLM_FIFO\UVM_RAM_8bit_TLM_FIFO\ram.v";
