#! /c/Source/iverilog-install/bin/vvp
:ivl_version "12.0 (devel)" "(s20150603-1539-g2693dd32b)";
:ivl_delay_selection "TYPICAL";
:vpi_time_precision + 0;
:vpi_module "E:\tool_IC_design\iverilog\lib\ivl\system.vpi";
:vpi_module "E:\tool_IC_design\iverilog\lib\ivl\vhdl_sys.vpi";
:vpi_module "E:\tool_IC_design\iverilog\lib\ivl\vhdl_textio.vpi";
:vpi_module "E:\tool_IC_design\iverilog\lib\ivl\v2005_math.vpi";
:vpi_module "E:\tool_IC_design\iverilog\lib\ivl\va_math.vpi";
S_0000017fa60f6480 .scope module, "ram" "ram" 2 1;
 .timescale 0 0;
    .port_info 0 /INPUT 1 "clk";
    .port_info 1 /INPUT 1 "wr";
    .port_info 2 /INPUT 8 "din";
    .port_info 3 /INPUT 4 "addr";
    .port_info 4 /OUTPUT 8 "dout";
o0000017fa6146fd8 .functor BUFZ 4, C4<zzzz>; HiZ drive
v0000017fa60f69b0_0 .net "addr", 3 0, o0000017fa6146fd8;  0 drivers
o0000017fa6147008 .functor BUFZ 1, C4<z>; HiZ drive
v0000017fa60fee00_0 .net "clk", 0 0, o0000017fa6147008;  0 drivers
o0000017fa6147038 .functor BUFZ 8, C4<zzzzzzzz>; HiZ drive
v0000017fa60feea0_0 .net "din", 7 0, o0000017fa6147038;  0 drivers
v0000017fa60f6610_0 .var "dout", 7 0;
v0000017fa60f66b0 .array "mem", 0 15, 7 0;
o0000017fa6147098 .functor BUFZ 1, C4<z>; HiZ drive
v0000017fa60f6750_0 .net "wr", 0 0, o0000017fa6147098;  0 drivers
E_0000017fa60f8ec0 .event posedge, v0000017fa60fee00_0;
    .scope S_0000017fa60f6480;
T_0 ;
    %wait E_0000017fa60f8ec0;
    %load/vec4 v0000017fa60f6750_0;
    %flag_set/vec4 8;
    %jmp/0xz  T_0.0, 8;
    %load/vec4 v0000017fa60feea0_0;
    %load/vec4 v0000017fa60f69b0_0;
    %pad/u 6;
    %ix/vec4 3;
    %ix/load 4, 0, 0; Constant delay
    %assign/vec4/a/d v0000017fa60f66b0, 0, 4;
    %jmp T_0.1;
T_0.0 ;
    %load/vec4 v0000017fa60f69b0_0;
    %pad/u 6;
    %ix/vec4 4;
    %load/vec4a v0000017fa60f66b0, 4;
    %assign/vec4 v0000017fa60f6610_0, 0;
T_0.1 ;
    %jmp T_0;
    .thread T_0;
# The file index is used to find the file name in the following table.
:file_names 3;
    "N/A";
    "<interactive>";
    "e:\book_chip\course_ud\Practice_UVM_code\5_UVM_RAM_8bit\Verify_RAM_TLM_FIFO\UVM_RAM_8bit_TLM_PORT_cov\ram.v";
